"#1212TRUA0D",
"#12SIEUSHIP",
"#AnCungTikTok",
"#AOKHOACGIOYODY",
"#appFuta",
"#BAO50",
"#baobimoi",
"#Bésiêunhân",
"#boovietnam",
"#Cănhộdulịchbiển5saoVũngTàu",
"#Canifa",
"#caodangcntt",
"#CaoDangNova",
"#CaodangVietMy",
"#Chienbinhtantam",
"#Chuyenxehuongnghiep_ITC2023",
"#CollabCollection2023",
"#ColosDHA",
"#coolmate",
"#Cuoianhdi",
"#DAITIEC12",
"#daitiecgiaxinh",
"#DCApp",
"#DCFund",
"#DCVFM",
"#đènledvianco",
"#dienquang",
"#doibong_sangden",
"#doibongsangden",
"#DragonCapital",
"#DragonX",
"#Elise",
"#enfa",
"#FamiCanxi",
"#G-smile",
"#ghn",
"#GHN_phốt",
"#GHN10nam",
"#ghnancap",
"#ghnlàmănthiếutráchnhiệm",
"#GHNlamhuhonghang",
"#ghnlừađảo",
"#ghnrutruot",
"#ghntraohang",
"#ghnvotrachnhiem",
"#Giao_hàng_nhanh_gian_lận",
"#giaohangnhanhantrom",
"#giaohangnhanhgianlan",
"#Gojek8K",
"#Gsmile",
"#hanhtrinhthanhxuancungshopeefood",
"#HePhongThu1170",
"#HMVietnam",
"#hoangphucinternational",
"#Hunglocvivang",
"#IntoYourself",
"#itstartsonTikTok",
"#ivymoda",
"#laithuskoda",
"#learnontiktok",
"#londonex",
"#lookgoodfeelgood",
"#macroequities",
"#MangoVN",
"#Mẹsiêuphàm",
"#Milovietnam",
"#MORNING12",
"#moshopeedungshopeepay",
"#MuaDealYeuThuong",
"#MuonShopeeFoodToTinh",
"#NANOptipro4",
"#nemfahsion",
"#neotrades",
"#NhungDoaHoaKienCuong",
"#Ninomaxx",
"#Ninomaxx_Concept",
"#NovaCollege",
"#NowdoitenthanhShopeeFood",
"#NowShopeeFood1808",
"#phốtghn",
"#PolyKBeauty",
"#rangdong",
"#SHEINVN",
"#ShopeeFood1010",
"#ShopeeFood1111",
"#ShopeeFood1212",
"#ShopeeFood1402",
"#ShopeeFood1501",
"#ShopeeFood99",
"#SIEUDEAL",
"#SIEUSALE",
"#SIEUTIEC0D",
"#Skoda",
"#skodavietnam",
"#SOHO",
"#SPFOOD122",
"#SPFOOD5",
"#SPFOOD82",
"#SữaĐặcÔngThọ",
"#TaiKhoanTichLuy",
"#TaiKhoanTraSau",
"#Tantam100",
"#TantamviShop",
"#Tantaytantam",
"#TậpđoànBĐSAnGia",
"#TetNgonHuHon",
"#thunglungthanhxuan",
"#tiktoklivevietnam",
"#TikTokVietnam",
"#tiktokvn",
"#TLC",
"#TommyJeansVN",
"#topmanVN",
"#Trieudondonghanh",
"#trợgiúpgiảiđápkhiếunại",
"#tuithantai",
"#vanlangsaigon",
"#vianco",
"#viancolighting",
"#Vivang",
"#Vivangtrolai",
"#vivangzalopay",
"#vuatuoivuamoi",
"#wolfooincanifa",





























































































































































































































































































































































































































































































































































































































































































































































































































































































































































































































































































































































































































































































































































































































































































































































































































































































































































































































































































































































































































































































































































































































































































































































































































































































































































































































































































































































































































































































































































































































































































































































































































































































































































































































































































































































